#
# A fatal error has been detected by the Java Runtime Environment:
#
#  EXCEPTION_ACCESS_VIOLATION (0xc0000005) at pc=0x000000006dc4ecc0, pid=3824, tid=2876
#
# JRE version: Java(TM) SE Runtime Environment (8.0_31-b13) (build 1.8.0_31-b13)
# Java VM: Java HotSpot(TM) 64-Bit Server VM (25.31-b07 mixed mode windows-amd64 compressed oops)
# Problematic frame:
# C  [atio6axx.dll+0x3fecc0]
#
# Failed to write core dump. Minidumps are not enabled by default on client versions of Windows
#
# If you would like to submit a bug report, please visit:
#   http://bugreport.java.com/bugreport/crash.jsp
# The crash happened outside the Java Virtual Machine in native code.
# See problematic frame for where to report the bug.
#

---------------  T H R E A D  ---------------

Current thread (0x0000000002850800):  JavaThread "main" [_thread_in_native, id=2876, stack(0x0000000002750000,0x0000000002850000)]

siginfo: ExceptionCode=0xc0000005, reading address 0x0000000020962000

Registers:
RAX=0x0000000000000000, RBX=0x000000006f47f740, RCX=0x000000001e0731f0, RDX=0x0000000020962000
RSP=0x000000000284f190, RBP=0x0000000000000000, RSI=0x000000001e073180, RDI=0x0000000000000090
R8 =0x000000001e073210, R9 =0x000000001e073209, R10=0x000000006d850000, R11=0x000000006f4a1dd8
R12=0x0000000000000000, R13=0x0000000000000000, R14=0x000000006f47f780, R15=0x000000006f4a1dd8
RIP=0x000000006dc4ecc0, EFLAGS=0x0000000000010297

Top of Stack: (sp=0x000000000284f190)
0x000000000284f190:   000000001fa9bbd0 000000001ce1c2cc
0x000000000284f1a0:   00000000025b0cc0 0000000000000040
0x000000000284f1b0:   0000001000000002 0000000000000000
0x000000000284f1c0:   000000000000000c 000000006dc0510f
0x000000000284f1d0:   000000006f47fdd8 000000000000000c
0x000000000284f1e0:   000000006f4a1bf8 0000000000000004
0x000000000284f1f0:   000000001fa745f8 000000006da095fe
0x000000000284f200:   0000000000000000 0000000000000000
0x000000000284f210:   000000006f47f700 0000000000000001
0x000000000284f220:   000000006f47f780 000000000000000c
0x000000000284f230:   0000000000000005 000000006db83ed5
0x000000000284f240:   000000006f4a1bf8 0000000000000000
0x000000000284f250:   000000000000000c 000000000284f2e0
0x000000000284f260:   0000000000000001 000000000000000c
0x000000000284f270:   000000000284f430 0000000000000000
0x000000000284f280:   0000000000000000 000000006fa18d17 

Instructions: (pc=0x000000006dc4ecc0)
0x000000006dc4eca0:   e8 db db e9 ff eb 68 4c 03 c6 4d 8d 48 f9 49 3b
0x000000006dc4ecb0:   f1 73 21 66 66 66 66 66 0f 1f 84 00 00 00 00 00
0x000000006dc4ecc0:   48 8b 02 48 83 c1 08 48 83 c2 08 48 89 41 f8 49
0x000000006dc4ecd0:   3b c9 72 ec 4d 8d 48 fd 49 3b c9 73 15 0f 1f 00 


Register to memory mapping:

RAX=0x0000000000000000 is an unknown value
RBX=0x000000006f47f740 is an unknown value
RCX=0x000000001e0731f0 is an unknown value
RDX=0x0000000020962000 is an unknown value
RSP=0x000000000284f190 is pointing into the stack for thread: 0x0000000002850800
RBP=0x0000000000000000 is an unknown value
RSI=0x000000001e073180 is an unknown value
RDI=0x0000000000000090 is an unknown value
R8 =0x000000001e073210 is an unknown value
R9 =0x000000001e073209 is an unknown value
R10=0x000000006d850000 is an unknown value
R11=0x000000006f4a1dd8 is an unknown value
R12=0x0000000000000000 is an unknown value
R13=0x0000000000000000 is an unknown value
R14=0x000000006f47f780 is an unknown value
R15=0x000000006f4a1dd8 is an unknown value


Stack: [0x0000000002750000,0x0000000002850000],  sp=0x000000000284f190,  free space=1020k
Native frames: (J=compiled Java code, j=interpreted, Vv=VM code, C=native code)

Java frames: (J=compiled Java code, j=interpreted, Vv=VM code)
J 339  org.lwjgl.opengl.GL11.nglDrawArrays(IIIJ)V (0 bytes) @ 0x0000000002b1228e [0x0000000002b12240+0x4e]
J 373 C2 opengl.Player.Draw()V (108 bytes) @ 0x0000000002b39394 [0x0000000002b38f00+0x494]
j  opengl.SimpleSquareApp.main([Ljava/lang/String;)V+168
v  ~StubRoutines::call_stub

---------------  P R O C E S S  ---------------

Java Threads: ( => current thread )
  0x0000000019a07800 JavaThread "Service Thread" daemon [_thread_blocked, id=6784, stack(0x000000001a350000,0x000000001a450000)]
  0x0000000019980000 JavaThread "C1 CompilerThread3" daemon [_thread_blocked, id=3096, stack(0x000000001a250000,0x000000001a350000)]
  0x000000001997d000 JavaThread "C2 CompilerThread2" daemon [_thread_blocked, id=2928, stack(0x000000001a150000,0x000000001a250000)]
  0x0000000019979800 JavaThread "C2 CompilerThread1" daemon [_thread_blocked, id=2572, stack(0x000000001a050000,0x000000001a150000)]
  0x0000000019976000 JavaThread "C2 CompilerThread0" daemon [_thread_blocked, id=10620, stack(0x0000000019f50000,0x000000001a050000)]
  0x0000000019974000 JavaThread "Attach Listener" daemon [_thread_blocked, id=10768, stack(0x0000000019e50000,0x0000000019f50000)]
  0x0000000019973800 JavaThread "Signal Dispatcher" daemon [_thread_blocked, id=7824, stack(0x0000000019d50000,0x0000000019e50000)]
  0x0000000002947800 JavaThread "Finalizer" daemon [_thread_blocked, id=11604, stack(0x0000000019850000,0x0000000019950000)]
  0x0000000002941000 JavaThread "Reference Handler" daemon [_thread_blocked, id=11124, stack(0x0000000019750000,0x0000000019850000)]
=>0x0000000002850800 JavaThread "main" [_thread_in_native, id=2876, stack(0x0000000002750000,0x0000000002850000)]

Other Threads:
  0x0000000017988800 VMThread [stack: 0x0000000019650000,0x0000000019750000] [id=6396]
  0x0000000019a0a000 WatcherThread [stack: 0x000000001a450000,0x000000001a550000] [id=6800]

VM state:not at safepoint (normal execution)

VM Mutex/Monitor currently owned by a thread: None

Heap:
 PSYoungGen      total 38400K, used 7989K [0x00000000d5700000, 0x00000000d8180000, 0x0000000100000000)
  eden space 33280K, 24% used [0x00000000d5700000,0x00000000d5ecd5a8,0x00000000d7780000)
  from space 5120K, 0% used [0x00000000d7c80000,0x00000000d7c80000,0x00000000d8180000)
  to   space 5120K, 0% used [0x00000000d7780000,0x00000000d7780000,0x00000000d7c80000)
 ParOldGen       total 87552K, used 0K [0x0000000080400000, 0x0000000085980000, 0x00000000d5700000)
  object space 87552K, 0% used [0x0000000080400000,0x0000000080400000,0x0000000085980000)
 Metaspace       used 4319K, capacity 5555K, committed 5632K, reserved 1056768K
  class space    used 400K, capacity 456K, committed 512K, reserved 1048576K

Card table byte_map: [0x0000000011d10000,0x0000000012110000] byte_map_base: 0x000000001190e000

Marking Bits: (ParMarkBitMap*) 0x000000007026d4f0
 Begin Bits: [0x0000000012bc0000, 0x0000000014bb0000)
 End Bits:   [0x0000000014bb0000, 0x0000000016ba0000)

Polling page: 0x0000000000e70000

CodeCache: size=245760Kb used=1949Kb max_used=1964Kb free=243810Kb
 bounds [0x0000000002950000, 0x0000000002bc0000, 0x0000000011950000]
 total_blobs=708 nmethods=374 adapters=248
 compilation: enabled

Compilation events (10 events):
Event: 2.886 Thread 0x000000001997d000  370       4       org.lwjgl.opengl.GL11::glClear (22 bytes)
Event: 2.886 Thread 0x0000000019976000  371       4       org.lwjgl.opengl.Display::update (5 bytes)
Event: 2.887 Thread 0x0000000019979800  372   !   4       org.lwjgl.opengl.Display::processMessages (44 bytes)
Event: 2.889 Thread 0x000000001997d000 nmethod 370 0x0000000002b31690 code [0x0000000002b31800, 0x0000000002b319b8]
Event: 2.889 Thread 0x000000001997d000  373       4       opengl.Player::Draw (108 bytes)
Event: 2.899 Thread 0x0000000019979800 nmethod 372 0x0000000002b36790 code [0x0000000002b36a20, 0x0000000002b37c30]
Event: 2.903 Thread 0x000000001997d000 nmethod 373 0x0000000002b38cd0 code [0x0000000002b38f00, 0x0000000002b39a00]
Event: 2.908 Thread 0x0000000019976000 nmethod 371 0x0000000002b3de50 code [0x0000000002b3e140, 0x0000000002b3f898]
Event: 3.352 Thread 0x0000000019979800  374       4       org.lwjgl.opengl.GL11::glFlush (21 bytes)
Event: 3.354 Thread 0x0000000019979800 nmethod 374 0x0000000002b2ef90 code [0x0000000002b2f100, 0x0000000002b2f2b8]

GC Heap History (0 events):
No events

Deoptimization events (0 events):
No events

Internal exceptions (10 events):
Event: 0.208 Thread 0x0000000002850800 Exception <a 'java/security/PrivilegedActionException'> (0x00000000d5ae6948) thrown at [C:\workspace\8-2-build-windows-amd64-cygwin\jdk8u31\2394\hotspot\src\share\vm\prims\jvm.cpp, line 1312]
Event: 0.209 Thread 0x0000000002850800 Exception <a 'java/security/PrivilegedActionException'> (0x00000000d5ae9b20) thrown at [C:\workspace\8-2-build-windows-amd64-cygwin\jdk8u31\2394\hotspot\src\share\vm\prims\jvm.cpp, line 1312]
Event: 0.214 Thread 0x0000000002850800 Exception <a 'java/security/PrivilegedActionException'> (0x00000000d5b229d8) thrown at [C:\workspace\8-2-build-windows-amd64-cygwin\jdk8u31\2394\hotspot\src\share\vm\prims\jvm.cpp, line 1312]
Event: 0.215 Thread 0x0000000002850800 Exception <a 'java/security/PrivilegedActionException'> (0x00000000d5b28a68) thrown at [C:\workspace\8-2-build-windows-amd64-cygwin\jdk8u31\2394\hotspot\src\share\vm\prims\jvm.cpp, line 1312]
Event: 0.216 Thread 0x0000000002850800 Exception <a 'java/security/PrivilegedActionException'> (0x00000000d5b2d0f0) thrown at [C:\workspace\8-2-build-windows-amd64-cygwin\jdk8u31\2394\hotspot\src\share\vm\prims\jvm.cpp, line 1312]
Event: 0.261 Thread 0x0000000002850800 Exception <a 'java/security/PrivilegedActionException'> (0x00000000d5c20878) thrown at [C:\workspace\8-2-build-windows-amd64-cygwin\jdk8u31\2394\hotspot\src\share\vm\prims\jvm.cpp, line 1312]
Event: 0.273 Thread 0x0000000002850800 Exception <a 'java/security/PrivilegedActionException'> (0x00000000d5c23fb0) thrown at [C:\workspace\8-2-build-windows-amd64-cygwin\jdk8u31\2394\hotspot\src\share\vm\prims\jvm.cpp, line 1312]
Event: 0.274 Thread 0x0000000002850800 Exception <a 'java/security/PrivilegedActionException'> (0x00000000d5c29908) thrown at [C:\workspace\8-2-build-windows-amd64-cygwin\jdk8u31\2394\hotspot\src\share\vm\prims\jvm.cpp, line 1312]
Event: 0.274 Thread 0x0000000002850800 Exception <a 'java/security/PrivilegedActionException'> (0x00000000d5c2bec8) thrown at [C:\workspace\8-2-build-windows-amd64-cygwin\jdk8u31\2394\hotspot\src\share\vm\prims\jvm.cpp, line 1312]
Event: 0.275 Thread 0x0000000002850800 Exception <a 'java/security/PrivilegedActionException'> (0x00000000d5c2e220) thrown at [C:\workspace\8-2-build-windows-amd64-cygwin\jdk8u31\2394\hotspot\src\share\vm\prims\jvm.cpp, line 1312]

Events (10 events):
Event: 0.274 loading class opengl/Player
Event: 0.274 loading class opengl/Player done
Event: 0.274 loading class opengl/Character
Event: 0.274 loading class opengl/Character done
Event: 0.275 loading class org/lwjgl/opengl/GLChecks
Event: 0.275 loading class org/lwjgl/opengl/GLChecks done
Event: 1.963 loading class java/nio/DirectByteBuffer$1
Event: 1.963 loading class java/nio/DirectByteBuffer$1 done
Event: 4.074 Executing VM operation: EnableBiasedLocking
Event: 4.074 Executing VM operation: EnableBiasedLocking done


Dynamic libraries:
0x00007ff74eb40000 - 0x00007ff74eb74000 	C:\Program Files\Java\jdk1.8.0_31\bin\java.exe
0x00007ffc591d0000 - 0x00007ffc59391000 	C:\WINDOWS\SYSTEM32\ntdll.dll
0x00007ffc56de0000 - 0x00007ffc56e8d000 	C:\WINDOWS\system32\KERNEL32.DLL
0x00007ffc55db0000 - 0x00007ffc55f8d000 	C:\WINDOWS\system32\KERNELBASE.dll
0x00007ffc56cc0000 - 0x00007ffc56d66000 	C:\WINDOWS\system32\ADVAPI32.dll
0x00007ffc58f10000 - 0x00007ffc58fad000 	C:\WINDOWS\system32\msvcrt.dll
0x00007ffc573b0000 - 0x00007ffc5740b000 	C:\WINDOWS\system32\sechost.dll
0x00007ffc59090000 - 0x00007ffc591b6000 	C:\WINDOWS\system32\RPCRT4.dll
0x00007ffc57260000 - 0x00007ffc573ae000 	C:\WINDOWS\system32\USER32.dll
0x00007ffc56b30000 - 0x00007ffc56cb6000 	C:\WINDOWS\system32\GDI32.dll
0x00007ffc4ea50000 - 0x00007ffc4ecc4000 	C:\WINDOWS\WinSxS\amd64_microsoft.windows.common-controls_6595b64144ccf1df_6.0.10240.16384_none_f41f7b285750ef43\COMCTL32.dll
0x00007ffc58bc0000 - 0x00007ffc58bf6000 	C:\WINDOWS\system32\IMM32.DLL
0x00007ffc58db0000 - 0x00007ffc58f0c000 	C:\WINDOWS\system32\MSCTF.dll
0x000000006f9b0000 - 0x000000006fa82000 	C:\Program Files\Java\jdk1.8.0_31\jre\bin\msvcr100.dll
0x000000006fa90000 - 0x00000000702ea000 	C:\Program Files\Java\jdk1.8.0_31\jre\bin\server\jvm.dll
0x00007ffc591c0000 - 0x00007ffc591c8000 	C:\WINDOWS\system32\PSAPI.DLL
0x00007ffc51180000 - 0x00007ffc51189000 	C:\WINDOWS\SYSTEM32\WSOCK32.dll
0x00007ffc532c0000 - 0x00007ffc532e3000 	C:\WINDOWS\SYSTEM32\WINMM.dll
0x00007ffc59020000 - 0x00007ffc59089000 	C:\WINDOWS\system32\WS2_32.dll
0x00007ffc59010000 - 0x00007ffc59018000 	C:\WINDOWS\system32\NSI.dll
0x00000000025f0000 - 0x000000000261c000 	C:\WINDOWS\SYSTEM32\WINMMBASE.dll
0x00007ffc56850000 - 0x00007ffc56894000 	C:\WINDOWS\system32\cfgmgr32.dll
0x00007ffc544d0000 - 0x00007ffc544f7000 	C:\WINDOWS\SYSTEM32\DEVOBJ.dll
0x00000000718b0000 - 0x00000000718bf000 	C:\Program Files\Java\jdk1.8.0_31\jre\bin\verify.dll
0x000000006f940000 - 0x000000006f968000 	C:\Program Files\Java\jdk1.8.0_31\jre\bin\java.dll
0x000000006f920000 - 0x000000006f936000 	C:\Program Files\Java\jdk1.8.0_31\jre\bin\zip.dll
0x00007ffc57410000 - 0x00007ffc58932000 	C:\WINDOWS\system32\SHELL32.dll
0x00007ffc56220000 - 0x00007ffc56849000 	C:\WINDOWS\system32\windows.storage.dll
0x00007ffc58940000 - 0x00007ffc58bbc000 	C:\WINDOWS\system32\combase.dll
0x00007ffc58fb0000 - 0x00007ffc59001000 	C:\WINDOWS\system32\shlwapi.dll
0x00007ffc55c90000 - 0x00007ffc55c9f000 	C:\WINDOWS\system32\kernel.appcore.dll
0x00007ffc56160000 - 0x00007ffc56213000 	C:\WINDOWS\system32\shcore.dll
0x00007ffc55c20000 - 0x00007ffc55c6a000 	C:\WINDOWS\system32\powrprof.dll
0x00007ffc55c70000 - 0x00007ffc55c83000 	C:\WINDOWS\system32\profapi.dll
0x0000000180000000 - 0x0000000180053000 	C:\Users\esmeail\Desktop\nabil lib\lwjgl-2.9.3\native\windows\lwjgl64.dll
0x00007ffc40010000 - 0x00007ffc40138000 	C:\WINDOWS\SYSTEM32\OPENGL32.dll
0x00007ffc4ed90000 - 0x00007ffc4ed9a000 	C:\WINDOWS\SYSTEM32\VERSION.dll
0x00007ffc4ee70000 - 0x00007ffc4ee9e000 	C:\WINDOWS\SYSTEM32\GLU32.dll
0x00007ffc3f2c0000 - 0x00007ffc3f3b6000 	C:\WINDOWS\SYSTEM32\DDRAW.dll
0x00007ffc53a00000 - 0x00007ffc53a08000 	C:\WINDOWS\SYSTEM32\DCIMAN32.dll
0x00007ffc54500000 - 0x00007ffc54596000 	C:\WINDOWS\system32\uxtheme.dll
0x00007ffc54160000 - 0x00007ffc54182000 	C:\WINDOWS\system32\dwmapi.dll
0x00007ffc4fac0000 - 0x00007ffc4fad8000 	C:\WINDOWS\SYSTEM32\atig6pxx.dll
0x000000006d850000 - 0x000000006f64d000 	C:\WINDOWS\SYSTEM32\atio6axx.dll
0x00007ffc56e90000 - 0x00007ffc57055000 	C:\WINDOWS\system32\SETUPAPI.dll
0x00007ffc3ef10000 - 0x00007ffc3f051000 	C:\WINDOWS\SYSTEM32\atiadlxx.dll
0x00007ffc58c00000 - 0x00007ffc58d41000 	C:\WINDOWS\system32\ole32.dll
0x00007ffc522b0000 - 0x00007ffc52433000 	C:\WINDOWS\SYSTEM32\PROPSYS.dll
0x00007ffc552a0000 - 0x00007ffc552bf000 	C:\WINDOWS\SYSTEM32\USERENV.dll
0x00007ffc54190000 - 0x00007ffc541a3000 	C:\WINDOWS\SYSTEM32\WTSAPI32.dll
0x00007ffc541d0000 - 0x00007ffc54208000 	C:\WINDOWS\SYSTEM32\IPHLPAPI.DLL
0x00007ffc57110000 - 0x00007ffc571ce000 	C:\WINDOWS\system32\OLEAUT32.dll
0x00007ffc541b0000 - 0x00007ffc541bb000 	C:\WINDOWS\SYSTEM32\WINNSI.DLL
0x00007ffc55ca0000 - 0x00007ffc55cf4000 	C:\WINDOWS\system32\WINTRUST.dll
0x00007ffc55c00000 - 0x00007ffc55c11000 	C:\WINDOWS\system32\MSASN1.dll
0x00007ffc55f90000 - 0x00007ffc56151000 	C:\WINDOWS\system32\CRYPT32.dll
0x00007ffc4e3d0000 - 0x00007ffc4e3fc000 	C:\WINDOWS\SYSTEM32\atig6txx.dll
0x00007ffc55a20000 - 0x00007ffc55a8b000 	C:\WINDOWS\SYSTEM32\bcryptPrimitives.dll
0x00007ffc431e0000 - 0x00007ffc43271000 	C:\WINDOWS\SYSTEM32\mscms.dll
0x00007ffc45d80000 - 0x00007ffc45dc2000 	C:\WINDOWS\SYSTEM32\icm32.dll
0x00007ffc537a0000 - 0x00007ffc5392a000 	C:\WINDOWS\SYSTEM32\dbghelp.dll

VM Arguments:
jvm_args: -Dfile.encoding=UTF-8 -Djava.library.path=C:\Users\esmeail\Desktop\nabil lib\lwjgl-2.9.3\native\windows 
java_command: opengl.SimpleSquareApp
java_class_path (initial): C:\Users\esmeail\Desktop\nabil lib\lwjgl-2.9.3\jar\AppleJavaExtensions.jar;C:\Users\esmeail\Desktop\nabil lib\lwjgl-2.9.3\jar\asm-debug-all.jar;C:\Users\esmeail\Desktop\nabil lib\lwjgl-2.9.3\jar\jinput.jar;C:\Users\esmeail\Desktop\nabil lib\lwjgl-2.9.3\jar\laf-plugin-7.2.1.jar;C:\Users\esmeail\Desktop\nabil lib\lwjgl-2.9.3\jar\laf-widget-7.2.1.jar;C:\Users\esmeail\Desktop\nabil lib\lwjgl-2.9.3\jar\log4j-api-2.0-beta9.jar;C:\Users\esmeail\Desktop\nabil lib\lwjgl-2.9.3\jar\lwjgl-debug.jar;C:\Users\esmeail\Desktop\nabil lib\lwjgl-2.9.3\jar\lwjgl.jar;C:\Users\esmeail\Desktop\nabil lib\lwjgl-2.9.3\jar\lwjgl_test.jar;C:\Users\esmeail\Desktop\nabil lib\lwjgl-2.9.3\jar\lwjgl_util.jar;C:\Users\esmeail\Desktop\nabil lib\lwjgl-2.9.3\jar\lwjgl_util_applet.jar;C:\Users\esmeail\Desktop\nabil lib\lwjgl-2.9.3\jar\lzma.jar;C:\Users\esmeail\Desktop\nabil lib\lwjgl-2.9.3\jar\substance-7.2.1.jar;C:\Users\esmeail\Desktop\nabil lib\lwjgl-2.9.3\jar\trident-7.2.1.jar;C:\Users\esmeail\Documents\NetBeansProjects\nabilyousef\game3\build\classes
Launcher Type: SUN_STANDARD

Environment Variables:
PATH=C:\ProgramData\Oracle\Java\javapath;C:\WINDOWS\system32;C:\WINDOWS;C:\WINDOWS\System32\Wbem;C:\WINDOWS\System32\WindowsPowerShell\v1.0\;C:\Program Files (x86)\ATI Technologies\ATI.ACE\Core-Static;C:\cygwin64\bin;C:\instantclient\sdk\include;C:\Program Files (x86)\Windows Kits\8.1\Windows Performance Toolkit\;C:\Program Files\Microsoft SQL Server\110\Tools\Binn\;C:\Program Files (x86)\Microsoft SDKs\TypeScript\1.0\;C:\Oracle\occi\;
USERNAME=esmeail
OS=Windows_NT
PROCESSOR_IDENTIFIER=Intel64 Family 6 Model 42 Stepping 7, GenuineIntel



---------------  S Y S T E M  ---------------

OS: Windows 8.1 , 64 bit Build 9600 

CPU:total 8 (4 cores per cpu, 2 threads per core) family 6 model 42 stepping 7, cmov, cx8, fxsr, mmx, sse, sse2, sse3, ssse3, sse4.1, sse4.2, popcnt, avx, clmul, ht, tsc, tscinvbit

Memory: 4k page, physical 8370644k(4767336k free), swap 9681364k(4885956k free)

vm_info: Java HotSpot(TM) 64-Bit Server VM (25.31-b07) for windows-amd64 JRE (1.8.0_31-b13), built on Dec 17 2014 21:00:28 by "java_re" with MS VC++ 10.0 (VS2010)

time: Thu Aug 20 02:35:06 2015
elapsed time: 4 seconds (0d 0h 0m 4s)

